<?xml version="1.0" encoding="UTF-8" standalone="no"?><testsuites><testsuite errors="0" failures="1" hostname="3635D1905B3C00EC_samsung_NexusS" name="com.hari.maven_test.test" tests="1" time="0.0980" timestamp="Mon Jun 10 15:33:27 EDT 2013"><properties><property name="java.runtime.name" value="Java(TM) SE Runtime Environment"/><property name="sun.boot.library.path" value="C:\Program Files\Java\jdk1.7.0_03\jre\bin"/><property name="java.vm.version" value="22.1-b02"/><property name="java.vm.vendor" value="Oracle Corporation"/><property name="java.vendor.url" value="http://java.oracle.com/"/><property name="guice.disable.misplaced.annotation.check" value="true"/><property name="path.separator" value=";"/><property name="java.vm.name" value="Java HotSpot(TM) 64-Bit Server VM"/><property name="file.encoding.pkg" value="sun.io"/><property name="user.country" value="US"/><property name="user.script" value=""/><property name="sun.java.launcher" value="SUN_STANDARD"/><property name="sun.os.patch.level" value="Service Pack 1"/><property name="java.vm.specification.name" value="Java Virtual Machine Specification"/><property name="user.dir" value="C:\MavenParent"/><property name="java.runtime.version" value="1.7.0_03-b05"/><property name="java.awt.graphicsenv" value="sun.awt.Win32GraphicsEnvironment"/><property name="java.endorsed.dirs" value="C:\Program Files\Java\jdk1.7.0_03\jre\lib\endorsed"/><property name="os.arch" value="amd64"/><property name="java.io.tmpdir" value="C:\Users\hkalyan\AppData\Local\Temp\"/><property name="line.separator" value="&#13;&#10;"/><property name="java.vm.specification.vendor" value="Oracle Corporation"/><property name="user.variant" value=""/><property name="os.name" value="Windows 7"/><property name="classworlds.conf" value="C:\apache maven\apache-maven-3.0.5\bin\..\bin\m2.conf"/><property name="sun.jnu.encoding" value="Cp1252"/><property name="java.library.path" value="C:\Program Files\Java\jdk1.7.0_03\bin;C:\Windows\Sun\Java\bin;C:\Windows\system32;C:\Windows;C:\Windows\system32;C:\Windows;C:\Windows\System32\Wbem;C:\Windows\System32\WindowsPowerShell\v1.0\;C:\Program Files (x86)\Microsoft SQL Server\100\Tools\Binn\;C:\Program Files\Microsoft SQL Server\100\Tools\Binn\;C:\Program Files\Microsoft SQL Server\100\DTS\Binn\;C:\Program Files (x86)\Microsoft SQL Server\100\Tools\Binn\VSShell\Common7\IDE\;C:\Program Files (x86)\Microsoft Visual Studio 9.0\Common7\IDE\PrivateAssemblies\;C:\Program Files (x86)\Microsoft SQL Server\100\DTS\Binn\;c:\Program Files (x86)\Microsoft SQL Server\90\Tools\binn\;C:\Program Files (x86)\Microsoft ASP.NET\ASP.NET Web Pages\v1.0\;C:\Program Files\MySQL\MySQL Server 5.1\bin;C:\Program Files\jEdit;C:\Vim\vimfiles;C:\android-sdk-windows\platform-tools;C:\android-sdk-windows\tools;C:\Program Files (x86)\IronRuby 1.1\bin;C:\Program Files\TortoiseSVN\bin;C:\Program Files\Microsoft SQL Server\110\Tools\Binn\;C:\Program Files\Microsoft\Web Platform Installer\;C:\Program Files (x86)\Windows Kits\8.0\Windows Performance Toolkit\;C:\Program Files (x86)\QuickTime\QTSystem\;C:\android-sdk\sdk\tools;C:\ANT\apache-ant-1.9.1\bin;C:\Users\hkalyan\android-sdks\tools;C:\Users\hkalyan\android-sdks\platform-tools;C:\apache maven\apache-maven-3.0.5\bin;."/><property name="java.specification.name" value="Java Platform API Specification"/><property name="java.class.version" value="51.0"/><property name="sun.management.compiler" value="HotSpot 64-Bit Tiered Compilers"/><property name="os.version" value="6.1"/><property name="user.home" value="C:\Users\hkalyan"/><property name="user.timezone" value="America/New_York"/><property name="java.awt.printerjob" value="sun.awt.windows.WPrinterJob"/><property name="file.encoding" value="Cp1252"/><property name="java.specification.version" value="1.7"/><property name="java.class.path" value="C:\apache maven\apache-maven-3.0.5\bin\..\boot\plexus-classworlds-2.4.jar"/><property name="user.name" value="hkalyan"/><property name="java.vm.specification.version" value="1.7"/><property name="sun.java.command" value="org.codehaus.plexus.classworlds.launcher.Launcher clean install"/><property name="java.home" value="C:\Program Files\Java\jdk1.7.0_03\jre"/><property name="sun.arch.data.model" value="64"/><property name="user.language" value="en"/><property name="java.specification.vendor" value="Oracle Corporation"/><property name="awt.toolkit" value="sun.awt.windows.WToolkit"/><property name="java.vm.info" value="mixed mode"/><property name="java.version" value="1.7.0_03"/><property name="java.ext.dirs" value="C:\Program Files\Java\jdk1.7.0_03\jre\lib\ext;C:\Windows\Sun\Java\lib\ext"/><property name="sun.boot.class.path" value="C:\Program Files\Java\jdk1.7.0_03\jre\lib\resources.jar;C:\Program Files\Java\jdk1.7.0_03\jre\lib\rt.jar;C:\Program Files\Java\jdk1.7.0_03\jre\lib\sunrsasign.jar;C:\Program Files\Java\jdk1.7.0_03\jre\lib\jsse.jar;C:\Program Files\Java\jdk1.7.0_03\jre\lib\jce.jar;C:\Program Files\Java\jdk1.7.0_03\jre\lib\charsets.jar;C:\Program Files\Java\jdk1.7.0_03\jre\classes"/><property name="java.vendor" value="Oracle Corporation"/><property name="maven.home" value="C:\apache maven\apache-maven-3.0.5\bin\.."/><property name="file.separator" value="\"/><property name="java.vendor.url.bug" value="http://bugreport.sun.com/bugreport/"/><property name="sun.io.unicode.encoding" value="UnicodeLittle"/><property name="sun.cpu.endian" value="little"/><property name="sun.desktop" value="windows"/><property name="sun.cpu.isalist" value="amd64"/><property name="ro.product.manufacturer" value="samsung"/><property name="dhcp.eth0.server" value="192.168.0.19"/><property name="gsm.sim.operator.alpha" value="AT&amp;T"/><property name="sys.settings_secure_version" value="7"/><property name="dhcp.eth0.reason" value="BOUND"/><property name="ro.debuggable" value="0"/><property name="ro.com.android.wifi-watchlist" value="GoogleGuest"/><property name="net.rmnet0.dns1" value=""/><property name="net.rmnet0.dns2" value=""/><property name="init.svc.debuggerd" value="running"/><property name="ril.pin_mode" value="0"/><property name="hw.keyboards.0.devname" value="herring-keypad"/><property name="init.svc.gpsd" value="running"/><property name="gsm.operator.iso-country" value="us"/><property name="ro.product.model" value="Nexus S"/><property name="persist.sys.language" value="en"/><property name="ril.initPB" value="1"/><property name="net.dns1.16866" value=""/><property name="ro.HEAVY_WEIGHT_APP_ADJ" value="3"/><property name="ro.HOME_APP_MEM" value="6144"/><property name="ro.factorytest" value="0"/><property name="net.dns2.16866" value=""/><property name="ro.build.fingerprint" value="google/sojua/crespo:2.3.4/GTJ61/129998:user/release-keys"/><property name="ro.VISIBLE_APP_ADJ" value="1"/><property name="net.dnschange" value="572"/><property name="ro.build.product" value="crespo"/><property name="ril.IMEI" value="355266041118306"/><property name="ril.model_id" value="I9020A"/><property name="ro.bootloader" value="I9020XXKA3"/><property name="init.svc.vold" value="running"/><property name="net.hostname" value="android_5dec51a4741b4239"/><property name="keyguard.no_require_sim" value="true"/><property name="ro.build.version.sdk" value="10"/><property name="net.bt.name" value="Android"/><property name="ro.radio.noril" value="yes"/><property name="init.svc.wpa_supplicant" value="running"/><property name="dhcp.eth0.ipaddress" value="192.168.0.112"/><property name="ro.PERCEPTIBLE_APP_ADJ" value="2"/><property name="ro.bootmode" value="unknown"/><property name="ro.baseband" value="I9020UCKE1"/><property name="ro.runtime.firstboot" value="1370379579886"/><property name="ro.build.host" value="android-test-58.mtv.corp.google.com"/><property name="ro.BACKUP_APP_ADJ" value="5"/><property name="ril.ecclist" value="112,911"/><property name="ro.build.display.id" value="GTJ61"/><property name="ro.revision" value="16"/><property name="ril.sales_code" value="none"/><property name="ro.HOME_APP_ADJ" value="6"/><property name="ro.HIDDEN_APP_MEM" value="7168"/><property name="sys.settings_system_version" value="325"/><property name="ro.product.locale.region" value="US"/><property name="gsm.operator.isroaming" value="false"/><property name="wifi.interface" value="eth0"/><property name="persist.sys.timezone" value="America/Detroit"/><property name="ro.VISIBLE_APP_MEM" value="3072"/><property name="gsm.operator.numeric" value="310410"/><property name="init.svc.dhcpcd_eth0" value="running"/><property name="ro.error.receiver.system.apps" value="com.google.android.feedback"/><property name="ro.EMPTY_APP_MEM" value="8192"/><property name="ril.prl_num" value="0"/><property name="init.svc.dbus" value="running"/><property name="ro.bt.bdaddr_path" value="/efs/bluetooth/bt_addr"/><property name="ro.allow.mock.location" value="0"/><property name="ro.url.legal" value="http://www.google.com/intl/%s/mobile/android/basic/phone-legal.html"/><property name="ro.nfc.port" value="I2C"/><property name="persist.service.adb.enable" value="1"/><property name="net.tcp.buffersize.wifi" value="4095,87380,110208,4096,16384,110208"/><property name="ro.HEAVY_WEIGHT_APP_MEM" value="4096"/><property name="ril.ICC_TYPE" value="2"/><property name="ril.sw_ver" value="I9020AUCKE1"/><property name="persist.sys.localevar" value=""/><property name="gsm.version.baseband" value="I9020AUCKE1"/><property name="ril.hw_ver" value="REV1.0"/><property name="gsm.nitz.time" value="1370865114054"/><property name="ro.product.brand" value="google"/><property name="ro.HIDDEN_APP_MIN_ADJ" value="7"/><property name="gsm.sim.operator.numeric" value="310410"/><property name="ril.serialnumber" value="00000000000"/><property name="ril.bt_macaddr" value="9463D1BE1EAA"/><property name="wifi.supplicant_scan_interval" value="15"/><property name="ro.config.notification_sound" value="Castor.ogg"/><property name="ro.board.platform" value="s5pc110"/><property name="ro.build.date.utc" value="1306903557"/><property name="net.rmnet0.gw" value=""/><property name="ro.product.locale.language" value="en"/><property name="ro.product.device" value="crespo"/><property name="dev.bootcomplete" value="1"/><property name="ril.cid" value="0b5a0def"/><property name="ro.setupwizard.enterprise_mode" value="1"/><property name="gsm.sim.state" value="READY"/><property name="ril.lac" value="2abc"/><property name="gsm.defaultpdpcontext.active" value="true"/><property name="init.svc.keystore" value="running"/><property name="ril.IMSI" value="310410585281040"/><property name="hw.keyboards.131072.devname" value="cypress-touchkey"/><property name="ro.hardware" value="herring"/><property name="status.battery.level" value="5"/><property name="status.battery.level_scale" value="9"/><property name="init.svc.netd" value="running"/><property name="dalvik.vm.dexopt-flags" value="m=y"/><property name="ro.FOREGROUND_APP_MEM" value="2048"/><property name="ril.rfcal_date" value="2011.7.16"/><property name="ro.build.id" value="GTJ61"/><property name="ril.product_code" value="GT-I9020FSAATT"/><property name="ro.PERCEPTIBLE_APP_MEM" value="4096"/><property name="ril.RildInit" value="1"/><property name="ro.com.android.dateformat" value="MM-dd-yyyy"/><property name="net.tcp.buffersize.default" value="4096,87380,110208,4096,16384,110208"/><property name="net.tcp.buffersize.umts" value="4094,87380,110208,4096,16384,110208"/><property name="net.gprs.http-proxy" value=""/><property name="dhcp.eth0.gateway" value="192.168.0.1"/><property name="rild.libpath" value="/vendor/lib/libsec-ril.so"/><property name="sys.boot_completed" value="1"/><property name="ro.product.name" value="sojua"/><property name="net.change" value="net.dnschange"/><property name="dhcp.eth0.pid" value="29220"/><property name="ro.build.tags" value="release-keys"/><property name="ro.config.alarm_alert" value="Alarm_Classic.ogg"/><property name="dhcp.eth0.mask" value="255.255.255.0"/><property name="status.battery.level_raw" value="50"/><property name="gsm.version.ril-impl" value="RIL 976681"/><property name="ro.product.board" value="herring"/><property name="init.svc.setup_fs" value="stopped"/><property name="ro.build.description" value="sojua-user 2.3.4 GTJ61 129998 release-keys"/><property name="ro.SECONDARY_SERVER_MEM" value="6144"/><property name="init.svc.media" value="running"/><property name="ro.SECONDARY_SERVER_ADJ" value="4"/><property name="ro.build.version.codename" value="REL"/><property name="dhcp.eth0.dns2" value="192.168.0.18"/><property name="rild.libargs" value="-d /dev/ttyS0"/><property name="ro.product.cpu.abi" value="armeabi-v7a"/><property name="dhcp.eth0.dns1" value="192.168.0.19"/><property name="dhcp.eth0.leasetime" value="86400"/><property name="dhcp.eth0.dns4" value=""/><property name="ro.sf.lcd_density" value="240"/><property name="dhcp.eth0.dns3" value="192.168.0.252"/><property name="init.svc.bootanim" value="stopped"/><property name="dalvik.vm.heapsize" value="32m"/><property name="dalvik.vm.stack-trace-file" value="/data/anr/traces.txt"/><property name="ro.com.google.clientidbase" value="android-google"/><property name="net.tcp.buffersize.edge" value="4093,26280,35040,4096,16384,35040"/><property name="ro.serialno" value="3635D1905B3C00EC"/><property name="persist.sys.country" value="US"/><property name="net.tcp.buffersize.gprs" value="4092,8760,11680,4096,8760,11680"/><property name="ro.build.date" value="Tue May 31 21:45:57 PDT 2011"/><property name="ro.com.android.dataroaming" value="false"/><property name="ro.build.version.release" value="2.3.4"/><property name="wlan.driver.status" value="ok"/><property name="ro.product.cpu.abi2" value="armeabi"/><property name="dhcp.eth0.result" value="ok"/><property name="init.svc.zygote" value="running"/><property name="ro.telephony.call_ring.multiple" value="0"/><property name="init.svc.servicemanager" value="running"/><property name="ro.url.legal.android_privacy" value="http://www.google.com/intl/%s/mobile/android/basic/privacy.html"/><property name="gsm.current.phone-type" value="1"/><property name="ro.build.user" value="android-build"/><property name="init.svc.pvrsrvinit" value="stopped"/><property name="ro.opengles.version" value="131072"/><property name="gsm.sim.operator.iso-country" value="us"/><property name="hw.keyboards.196609.devname" value="herring-keypad"/><property name="ro.config.ringtone" value="Sceptrum.ogg"/><property name="ro.FOREGROUND_APP_ADJ" value="0"/><property name="ril.barcode" value="355266041118306"/><property name="init.svc.installd" value="running"/><property name="ro.EMPTY_APP_ADJ" value="15"/><property name="ril.reset" value="1"/><property name="ro.carrier" value="ATT"/><property name="ro.secure" value="1"/><property name="ro.build.type" value="user"/><property name="ro.wifi.channels" value=""/><property name="ro.build.version.incremental" value="129998"/><property name="init.svc.adbd" value="running"/><property name="gsm.network.type" value="HSDPA"/><property name="gsm.operator.alpha" value="AT&amp;T"/><property name="net.dns2" value="192.168.0.18"/><property name="ro.BACKUP_APP_MEM" value="6144"/><property name="net.dns1" value="192.168.0.19"/><property name="status.battery.state" value="Slow"/><property name="init.svc.ril-daemon" value="running"/></properties><testcase classname="com.hari.maven_test.test.MavenTest" name="testPreConditions" time="0.0810"><failure message="" type="junit.framework.ComparisonFailure">junit.framework.ComparisonFailure: expected:&lt;...fff...&gt; but was:&lt;......&gt;&#13;
at com.hari.maven_test.test.MavenTest.testPreConditions(MavenTest.java:46)&#13;
at java.lang.reflect.Method.invokeNative(Native Method)&#13;
at android.test.InstrumentationTestCase.runMethod(InstrumentationTestCase.java:204)&#13;
at android.test.InstrumentationTestCase.runTest(InstrumentationTestCase.java:194)&#13;
at android.test.AndroidTestRunner.runTest(AndroidTestRunner.java:169)&#13;
at android.test.AndroidTestRunner.runTest(AndroidTestRunner.java:154)&#13;
at android.test.InstrumentationTestRunner.onStart(InstrumentationTestRunner.java:529)&#13;
at android.app.Instrumentation$InstrumentationThread.run(Instrumentation.java:1448)&#13;
</failure></testcase></testsuite></testsuites>